{"C:\\Users\\Bin\\Desktop\\Web Development\\Projects\\pomodoro\\server\\utils\\isEmail.js": {"path":"C:\\Users\\Bin\\Desktop\\Web Development\\Projects\\pomodoro\\server\\utils\\isEmail.js","statementMap":{"0":{"start":{"line":1,"column":22},"end":{"line":6,"column":1}},"1":{"start":{"line":2,"column":18},"end":{"line":4,"column":3}},"2":{"start":{"line":5,"column":2},"end":{"line":5,"column":29}},"3":{"start":{"line":8,"column":0},"end":{"line":8,"column":35}}},"fnMap":{"0":{"name":"(anonymous_0)","decl":{"start":{"line":1,"column":22},"end":{"line":1,"column":23}},"loc":{"start":{"line":1,"column":33},"end":{"line":6,"column":1}},"line":1}},"branchMap":{},"s":{"0":1,"1":7,"2":7,"3":1},"f":{"0":7},"b":{},"_coverageSchema":"1a1c01bbd47fc00a2c39e90264f33305004495a9","hash":"37579f505ba78846d1c2397f21703be00c0459cf"}
,"C:\\Users\\Bin\\Desktop\\Web Development\\Projects\\pomodoro\\server\\utils\\removeKey.js": {"path":"C:\\Users\\Bin\\Desktop\\Web Development\\Projects\\pomodoro\\server\\utils\\removeKey.js","statementMap":{"0":{"start":{"line":1,"column":21},"end":{"line":3,"column":1}},"1":{"start":{"line":2,"column":2},"end":{"line":2,"column":55}},"2":{"start":{"line":5,"column":26},"end":{"line":13,"column":1}},"3":{"start":{"line":6,"column":2},"end":{"line":6,"column":28}},"4":{"start":{"line":6,"column":21},"end":{"line":6,"column":28}},"5":{"start":{"line":7,"column":28},"end":{"line":7,"column":48}},"6":{"start":{"line":8,"column":18},"end":{"line":8,"column":53}},"7":{"start":{"line":10,"column":2},"end":{"line":12,"column":5}},"8":{"start":{"line":11,"column":4},"end":{"line":11,"column":44}},"9":{"start":{"line":11,"column":28},"end":{"line":11,"column":44}},"10":{"start":{"line":15,"column":0},"end":{"line":15,"column":53}}},"fnMap":{"0":{"name":"(anonymous_0)","decl":{"start":{"line":1,"column":21},"end":{"line":1,"column":22}},"loc":{"start":{"line":1,"column":33},"end":{"line":3,"column":1}},"line":1},"1":{"name":"(anonymous_1)","decl":{"start":{"line":5,"column":26},"end":{"line":5,"column":27}},"loc":{"start":{"line":5,"column":43},"end":{"line":13,"column":1}},"line":5},"2":{"name":"(anonymous_2)","decl":{"start":{"line":10,"column":27},"end":{"line":10,"column":28}},"loc":{"start":{"line":10,"column":36},"end":{"line":12,"column":3}},"line":10}},"branchMap":{"0":{"loc":{"start":{"line":6,"column":2},"end":{"line":6,"column":28}},"type":"if","locations":[{"start":{"line":6,"column":2},"end":{"line":6,"column":28}},{"start":{},"end":{}}],"line":6},"1":{"loc":{"start":{"line":11,"column":4},"end":{"line":11,"column":44}},"type":"if","locations":[{"start":{"line":11,"column":4},"end":{"line":11,"column":44}},{"start":{},"end":{}}],"line":11}},"s":{"0":2,"1":9,"2":2,"3":6,"4":1,"5":5,"6":5,"7":5,"8":16,"9":7,"10":2},"f":{"0":9,"1":6,"2":16},"b":{"0":[1,5],"1":[7,9]},"_coverageSchema":"1a1c01bbd47fc00a2c39e90264f33305004495a9","hash":"f7f74a2f868aa3b896b29308c9893847722b4edb"}
}
