{"C:\\Users\\Bin\\Desktop\\Web Development\\Projects\\pomodoro\\server\\utils\\isEmail.js": {"path":"C:\\Users\\Bin\\Desktop\\Web Development\\Projects\\pomodoro\\server\\utils\\isEmail.js","statementMap":{"0":{"start":{"line":6,"column":22},"end":{"line":11,"column":1}},"1":{"start":{"line":7,"column":18},"end":{"line":9,"column":3}},"2":{"start":{"line":10,"column":2},"end":{"line":10,"column":29}},"3":{"start":{"line":13,"column":0},"end":{"line":13,"column":35}}},"fnMap":{"0":{"name":"(anonymous_0)","decl":{"start":{"line":6,"column":22},"end":{"line":6,"column":23}},"loc":{"start":{"line":6,"column":33},"end":{"line":11,"column":1}},"line":6}},"branchMap":{},"s":{"0":1,"1":7,"2":7,"3":1},"f":{"0":7},"b":{},"_coverageSchema":"1a1c01bbd47fc00a2c39e90264f33305004495a9","hash":"295339541e6653513bb7d398c4df35b46b9ded82"}
,"C:\\Users\\Bin\\Desktop\\Web Development\\Projects\\pomodoro\\server\\utils\\removeKey.js": {"path":"C:\\Users\\Bin\\Desktop\\Web Development\\Projects\\pomodoro\\server\\utils\\removeKey.js","statementMap":{"0":{"start":{"line":6,"column":21},"end":{"line":8,"column":1}},"1":{"start":{"line":7,"column":2},"end":{"line":7,"column":55}},"2":{"start":{"line":16,"column":26},"end":{"line":24,"column":1}},"3":{"start":{"line":17,"column":2},"end":{"line":17,"column":28}},"4":{"start":{"line":17,"column":21},"end":{"line":17,"column":28}},"5":{"start":{"line":18,"column":28},"end":{"line":18,"column":48}},"6":{"start":{"line":19,"column":18},"end":{"line":19,"column":53}},"7":{"start":{"line":21,"column":2},"end":{"line":23,"column":5}},"8":{"start":{"line":22,"column":4},"end":{"line":22,"column":44}},"9":{"start":{"line":22,"column":28},"end":{"line":22,"column":44}},"10":{"start":{"line":26,"column":0},"end":{"line":26,"column":53}}},"fnMap":{"0":{"name":"(anonymous_0)","decl":{"start":{"line":6,"column":21},"end":{"line":6,"column":22}},"loc":{"start":{"line":6,"column":33},"end":{"line":8,"column":1}},"line":6},"1":{"name":"(anonymous_1)","decl":{"start":{"line":16,"column":26},"end":{"line":16,"column":27}},"loc":{"start":{"line":16,"column":43},"end":{"line":24,"column":1}},"line":16},"2":{"name":"(anonymous_2)","decl":{"start":{"line":21,"column":27},"end":{"line":21,"column":28}},"loc":{"start":{"line":21,"column":36},"end":{"line":23,"column":3}},"line":21}},"branchMap":{"0":{"loc":{"start":{"line":17,"column":2},"end":{"line":17,"column":28}},"type":"if","locations":[{"start":{"line":17,"column":2},"end":{"line":17,"column":28}},{"start":{},"end":{}}],"line":17},"1":{"loc":{"start":{"line":22,"column":4},"end":{"line":22,"column":44}},"type":"if","locations":[{"start":{"line":22,"column":4},"end":{"line":22,"column":44}},{"start":{},"end":{}}],"line":22}},"s":{"0":2,"1":9,"2":2,"3":6,"4":1,"5":5,"6":5,"7":5,"8":16,"9":7,"10":2},"f":{"0":9,"1":6,"2":16},"b":{"0":[1,5],"1":[7,9]},"_coverageSchema":"1a1c01bbd47fc00a2c39e90264f33305004495a9","hash":"55f7cf284eb2b6f30e553ce88499938f30eff0b7"}
,"C:\\Users\\Bin\\Desktop\\Web Development\\Projects\\pomodoro\\server\\utils\\tokenManager.js": {"path":"C:\\Users\\Bin\\Desktop\\Web Development\\Projects\\pomodoro\\server\\utils\\tokenManager.js","statementMap":{"0":{"start":{"line":1,"column":12},"end":{"line":1,"column":35}},"1":{"start":{"line":10,"column":20},"end":{"line":19,"column":1}},"2":{"start":{"line":11,"column":2},"end":{"line":13,"column":3}},"3":{"start":{"line":12,"column":4},"end":{"line":12,"column":45}},"4":{"start":{"line":15,"column":18},"end":{"line":15,"column":31}},"5":{"start":{"line":16,"column":16},"end":{"line":16,"column":72}},"6":{"start":{"line":18,"column":2},"end":{"line":18,"column":15}},"7":{"start":{"line":28,"column":22},"end":{"line":39,"column":1}},"8":{"start":{"line":29,"column":19},"end":{"line":37,"column":3}},"9":{"start":{"line":30,"column":4},"end":{"line":36,"column":5}},"10":{"start":{"line":31,"column":6},"end":{"line":31,"column":26}},"11":{"start":{"line":32,"column":11},"end":{"line":36,"column":5}},"12":{"start":{"line":33,"column":6},"end":{"line":33,"column":43}},"13":{"start":{"line":34,"column":11},"end":{"line":36,"column":5}},"14":{"start":{"line":35,"column":6},"end":{"line":35,"column":43}},"15":{"start":{"line":38,"column":2},"end":{"line":38,"column":61}},"16":{"start":{"line":40,"column":0},"end":{"line":40,"column":48}}},"fnMap":{"0":{"name":"(anonymous_0)","decl":{"start":{"line":10,"column":20},"end":{"line":10,"column":21}},"loc":{"start":{"line":10,"column":46},"end":{"line":19,"column":1}},"line":10},"1":{"name":"(anonymous_1)","decl":{"start":{"line":28,"column":22},"end":{"line":28,"column":23}},"loc":{"start":{"line":28,"column":33},"end":{"line":39,"column":1}},"line":28},"2":{"name":"(anonymous_2)","decl":{"start":{"line":29,"column":19},"end":{"line":29,"column":20}},"loc":{"start":{"line":29,"column":42},"end":{"line":37,"column":3}},"line":29}},"branchMap":{"0":{"loc":{"start":{"line":11,"column":2},"end":{"line":13,"column":3}},"type":"if","locations":[{"start":{"line":11,"column":2},"end":{"line":13,"column":3}},{"start":{},"end":{}}],"line":11},"1":{"loc":{"start":{"line":11,"column":6},"end":{"line":11,"column":46}},"type":"binary-expr","locations":[{"start":{"line":11,"column":6},"end":{"line":11,"column":9}},{"start":{"line":11,"column":13},"end":{"line":11,"column":19}},{"start":{"line":11,"column":23},"end":{"line":11,"column":46}}],"line":11},"2":{"loc":{"start":{"line":30,"column":4},"end":{"line":36,"column":5}},"type":"if","locations":[{"start":{"line":30,"column":4},"end":{"line":36,"column":5}},{"start":{"line":32,"column":11},"end":{"line":36,"column":5}}],"line":30},"3":{"loc":{"start":{"line":30,"column":8},"end":{"line":30,"column":39}},"type":"binary-expr","locations":[{"start":{"line":30,"column":8},"end":{"line":30,"column":20}},{"start":{"line":30,"column":24},"end":{"line":30,"column":39}}],"line":30},"4":{"loc":{"start":{"line":32,"column":11},"end":{"line":36,"column":5}},"type":"if","locations":[{"start":{"line":32,"column":11},"end":{"line":36,"column":5}},{"start":{"line":34,"column":11},"end":{"line":36,"column":5}}],"line":32},"5":{"loc":{"start":{"line":34,"column":11},"end":{"line":36,"column":5}},"type":"if","locations":[{"start":{"line":34,"column":11},"end":{"line":36,"column":5}},{"start":{},"end":{}}],"line":34}},"s":{"0":1,"1":1,"2":7,"3":3,"4":4,"5":4,"6":4,"7":1,"8":4,"9":4,"10":1,"11":3,"12":1,"13":2,"14":2,"15":4,"16":1},"f":{"0":7,"1":4,"2":4},"b":{"0":[3,4],"1":[7,5,4],"2":[1,3],"3":[4,1],"4":[1,2],"5":[2,0]},"_coverageSchema":"1a1c01bbd47fc00a2c39e90264f33305004495a9","hash":"29f7ff7a3ae7925b77c07deab43baaf6e5656b73"}
,"C:\\Users\\Bin\\Desktop\\Web Development\\Projects\\pomodoro\\server\\utils\\validPassword.js": {"path":"C:\\Users\\Bin\\Desktop\\Web Development\\Projects\\pomodoro\\server\\utils\\validPassword.js","statementMap":{"0":{"start":{"line":1,"column":24},"end":{"line":10,"column":1}},"1":{"start":{"line":2,"column":2},"end":{"line":4,"column":3}},"2":{"start":{"line":3,"column":4},"end":{"line":3,"column":16}},"3":{"start":{"line":9,"column":2},"end":{"line":9,"column":15}},"4":{"start":{"line":12,"column":0},"end":{"line":12,"column":37}}},"fnMap":{"0":{"name":"(anonymous_0)","decl":{"start":{"line":1,"column":24},"end":{"line":1,"column":25}},"loc":{"start":{"line":1,"column":38},"end":{"line":10,"column":1}},"line":1}},"branchMap":{"0":{"loc":{"start":{"line":2,"column":2},"end":{"line":4,"column":3}},"type":"if","locations":[{"start":{"line":2,"column":2},"end":{"line":4,"column":3}},{"start":{},"end":{}}],"line":2}},"s":{"0":1,"1":2,"2":1,"3":1,"4":1},"f":{"0":2},"b":{"0":[1,1]},"_coverageSchema":"1a1c01bbd47fc00a2c39e90264f33305004495a9","hash":"cc85784ee91a1f27db9c1c5f81714649cce49a30"}
}
