TN:
SF:utils\isEmail.js
FN:6,(anonymous_0)
FNF:1
FNH:1
FNDA:7,(anonymous_0)
DA:6,1
DA:7,7
DA:10,7
DA:13,1
LF:4
LH:4
BRF:0
BRH:0
end_of_record
TN:
SF:utils\removeKey.js
FN:6,(anonymous_0)
FN:16,(anonymous_1)
FN:21,(anonymous_2)
FNF:3
FNH:3
FNDA:9,(anonymous_0)
FNDA:6,(anonymous_1)
FNDA:16,(anonymous_2)
DA:6,2
DA:7,9
DA:16,2
DA:17,6
DA:18,5
DA:19,5
DA:21,5
DA:22,16
DA:26,2
LF:9
LH:9
BRDA:17,0,0,1
BRDA:17,0,1,5
BRDA:22,1,0,7
BRDA:22,1,1,9
BRF:4
BRH:4
end_of_record
TN:
SF:utils\tokenManager.js
FN:10,(anonymous_0)
FN:28,(anonymous_1)
FN:29,(anonymous_2)
FNF:3
FNH:3
FNDA:7,(anonymous_0)
FNDA:4,(anonymous_1)
FNDA:4,(anonymous_2)
DA:1,1
DA:10,1
DA:11,7
DA:12,3
DA:15,4
DA:16,4
DA:18,4
DA:28,1
DA:29,4
DA:30,4
DA:31,1
DA:32,3
DA:33,1
DA:34,2
DA:35,2
DA:38,4
DA:40,1
LF:17
LH:17
BRDA:11,0,0,3
BRDA:11,0,1,4
BRDA:11,1,0,7
BRDA:11,1,1,5
BRDA:11,1,2,4
BRDA:30,2,0,1
BRDA:30,2,1,3
BRDA:30,3,0,4
BRDA:30,3,1,1
BRDA:32,4,0,1
BRDA:32,4,1,2
BRDA:34,5,0,2
BRDA:34,5,1,0
BRF:13
BRH:12
end_of_record
TN:
SF:utils\validPassword.js
FN:1,(anonymous_0)
FNF:1
FNH:1
FNDA:2,(anonymous_0)
DA:1,1
DA:2,2
DA:3,1
DA:9,1
DA:12,1
LF:5
LH:5
BRDA:2,0,0,1
BRDA:2,0,1,1
BRF:2
BRH:2
end_of_record
